<?xml version="1.0" encoding="UTF-8"?>
<!-- Generated by org.testng.reporters.JUnitReportReporter -->
<testsuite hostname="LAPTOP-M3K23BI8" failures="0" tests="1" name="com.hrms.testscripts.TC002" time="19.004" errors="0" timestamp="28 Jun 2021 10:54:36 GMT">
  <testcase classname="com.hrms.testscripts.TC002" name="TC002" time="19.004"/>
</testsuite> <!-- com.hrms.testscripts.TC002 -->
