<?xml version="1.0" encoding="UTF-8"?>
<!-- Generated by org.testng.reporters.JUnitReportReporter -->
<testsuite hostname="LAPTOP-M3K23BI8" failures="0" tests="1" name="com.hrms.testscripts.TC001" time="20.038" errors="0" timestamp="28 Jun 2021 10:54:36 GMT">
  <testcase classname="com.hrms.testscripts.TC001" name="TC001" time="20.038"/>
</testsuite> <!-- com.hrms.testscripts.TC001 -->
