<?xml version="1.0" encoding="UTF-8"?>
<!-- Generated by org.testng.reporters.JUnitReportReporter -->
<testsuite hostname="LAPTOP-M3K23BI8" failures="0" tests="2" name="testng.testNg_SEL" time="8.899" errors="0" timestamp="20 Jun 2021 06:55:09 GMT">
  <testcase classname="testng.testNg_SEL" name="login" time="5.442"/>
  <testcase classname="testng.testNg_SEL" name="logout" time="3.457"/>
</testsuite> <!-- testng.testNg_SEL -->
