<?xml version="1.0" encoding="UTF-8"?>
<!-- Generated by org.testng.reporters.JUnitReportReporter -->
<testsuite hostname="LAPTOP-M3K23BI8" failures="0" tests="2" name="testng.TC_testNg" time="0.026" errors="0" timestamp="20 Jun 2021 06:51:40 GMT">
  <testcase classname="testng.TC_testNg" name="addemp" time="0.017"/>
  <testcase classname="testng.TC_testNg" name="deltemp" time="0.009"/>
</testsuite> <!-- testng.TC_testNg -->
